<?xml version="1.0" encoding="UTF-8"?>
<!-- Generated by org.testng.reporters.JUnitReportReporter -->
<testsuite hostname="LAPTOP-96NGRBBO" failures="0" tests="1" name="hms_SmokeTest.StaffTest" time="14.412" errors="0" timestamp="2025-03-19T11:24:58 IST" skipped="0">
  <testcase classname="hms_SmokeTest.StaffTest" name="staffTest" time="14.412"/>
  <system-out/>
</testsuite> <!-- hms_SmokeTest.StaffTest -->
