<?xml version="1.0" encoding="UTF-8"?>
<!-- Generated by org.testng.reporters.JUnitReportReporter -->
<testsuite hostname="LAPTOP-96NGRBBO" failures="0" tests="1" name="hms_IntegrationTest.UpdateRoomInformation_Test" time="6.377" errors="0" timestamp="2025-03-19T11:29:11 IST" skipped="0">
  <testcase classname="hms_IntegrationTest.UpdateRoomInformation_Test" name="UpdateRoomInformationTest" time="6.377"/>
  <system-out/>
</testsuite> <!-- hms_IntegrationTest.UpdateRoomInformation_Test -->
