<?xml version="1.0" encoding="UTF-8"?>
<!-- Generated by org.testng.reporters.JUnitReportReporter -->
<testsuite hostname="LAPTOP-96NGRBBO" failures="0" tests="1" name="hms_SmokeTest.ViewOPDPatientInvoiceTest" time="24.079" errors="0" timestamp="2025-03-19T11:24:58 IST" skipped="0">
  <testcase classname="hms_SmokeTest.ViewOPDPatientInvoiceTest" name="ViewOPDPatientInvoice_Test" time="24.079"/>
  <system-out/>
</testsuite> <!-- hms_SmokeTest.ViewOPDPatientInvoiceTest -->
