<?xml version="1.0" encoding="UTF-8"?>
<!-- Generated by org.testng.reporters.JUnitReportReporter -->
<testsuite hostname="LAPTOP-96NGRBBO" failures="0" tests="1" name="hms_SmokeTest.RoomInformationIsymbolTest" time="50.414" errors="0" timestamp="2025-03-19T11:24:58 IST" skipped="0">
  <testcase classname="hms_SmokeTest.RoomInformationIsymbolTest" name="RoomInformationIsymbol_Test" time="50.414"/>
  <system-out/>
</testsuite> <!-- hms_SmokeTest.RoomInformationIsymbolTest -->
