<?xml version="1.0" encoding="UTF-8"?>
<!-- Generated by org.testng.reporters.JUnitReportReporter -->
<testsuite hostname="LAPTOP-96NGRBBO" failures="0" tests="1" name="hms_SystemTest.DischargePatientTest" time="5.619" errors="0" timestamp="2025-03-19T11:34:21 IST" skipped="0">
  <testcase classname="hms_SystemTest.DischargePatientTest" name="DischargePatient_Test" time="5.619"/>
  <system-out/>
</testsuite> <!-- hms_SystemTest.DischargePatientTest -->
