<?xml version="1.0" encoding="UTF-8"?>
<!-- Generated by org.testng.reporters.JUnitReportReporter -->
<testsuite hostname="LAPTOP-96NGRBBO" failures="0" tests="1" name="hms_IntegrationTest.StaffDoctorWorkingTimeCheck_Test" time="5.143" errors="0" timestamp="2025-03-19T11:29:11 IST" skipped="0">
  <testcase classname="hms_IntegrationTest.StaffDoctorWorkingTimeCheck_Test" name="StaffDoctorWorkingTimeCheckTest" time="5.143"/>
  <system-out/>
</testsuite> <!-- hms_IntegrationTest.StaffDoctorWorkingTimeCheck_Test -->
